[2025-05-19T08:47:27.960+0000] {local_task_job_runner.py:120} INFO - ::group::Pre task execution logs
[2025-05-19T08:47:28.212+0000] {taskinstance.py:2073} INFO - Dependencies all met for dep_context=non-requeueable deps ti=<TaskInstance: flight_analysis_dag_Courage_Sena.ingest_task scheduled__2025-05-18T00:00:00+00:00 [queued]>
[2025-05-19T08:47:28.231+0000] {taskinstance.py:2073} INFO - Dependencies all met for dep_context=requeueable deps ti=<TaskInstance: flight_analysis_dag_Courage_Sena.ingest_task scheduled__2025-05-18T00:00:00+00:00 [queued]>
[2025-05-19T08:47:28.232+0000] {taskinstance.py:2303} INFO - Starting attempt 1 of 2
[2025-05-19T08:47:28.261+0000] {taskinstance.py:2327} INFO - Executing <Task(PythonOperator): ingest_task> on 2025-05-18 00:00:00+00:00
[2025-05-19T08:47:28.277+0000] {standard_task_runner.py:90} INFO - Running: ['***', 'tasks', 'run', 'flight_analysis_dag_Courage_Sena', 'ingest_task', 'scheduled__2025-05-18T00:00:00+00:00', '--job-id', '3', '--raw', '--subdir', 'DAGS_FOLDER/flight_analysis_dag.py', '--cfg-path', '/tmp/tmpwcbhmq6w']
[2025-05-19T08:47:28.281+0000] {standard_task_runner.py:91} INFO - Job 3: Subtask ingest_task
[2025-05-19T08:47:28.287+0000] {logging_mixin.py:188} WARNING - /home/***/.local/lib/python3.12/site-packages/***/task/task_runner/standard_task_runner.py:61 DeprecationWarning: This process (pid=279) is multi-threaded, use of fork() may lead to deadlocks in the child.
[2025-05-19T08:47:28.288+0000] {standard_task_runner.py:63} INFO - Started process 282 to run task
[2025-05-19T08:47:28.387+0000] {task_command.py:426} INFO - Running <TaskInstance: flight_analysis_dag_Courage_Sena.ingest_task scheduled__2025-05-18T00:00:00+00:00 [running]> on host 21c1d2d801ec
[2025-05-19T08:47:28.525+0000] {taskinstance.py:2644} INFO - Exporting env vars: AIRFLOW_CTX_DAG_EMAIL='cl.kofisena@gmail.com' AIRFLOW_CTX_DAG_OWNER='***_admin' AIRFLOW_CTX_DAG_ID='flight_analysis_dag_Courage_Sena' AIRFLOW_CTX_TASK_ID='ingest_task' AIRFLOW_CTX_EXECUTION_DATE='2025-05-18T00:00:00+00:00' AIRFLOW_CTX_TRY_NUMBER='1' AIRFLOW_CTX_DAG_RUN_ID='scheduled__2025-05-18T00:00:00+00:00'
[2025-05-19T08:47:28.526+0000] {taskinstance.py:430} INFO - ::endgroup::
[2025-05-19T08:47:28.590+0000] {base.py:84} INFO - Using connection ID 'mysql_staging_conn' for task execution.
[2025-05-19T08:47:28.591+0000] {ingest_data.py:27} INFO - Starting ingestion of /opt/***/data/Flight_Price_Dataset_of_Bangladesh.csv into MySQL table staging_db.raw_flight_data.
[2025-05-19T08:47:30.623+0000] {ingest_data.py:52} INFO - Ingested chunk of 1000 rows into raw_flight_data.
[2025-05-19T08:47:31.365+0000] {ingest_data.py:52} INFO - Ingested chunk of 1000 rows into raw_flight_data.
[2025-05-19T08:47:31.702+0000] {ingest_data.py:52} INFO - Ingested chunk of 1000 rows into raw_flight_data.
[2025-05-19T08:47:31.926+0000] {ingest_data.py:52} INFO - Ingested chunk of 1000 rows into raw_flight_data.
[2025-05-19T08:47:32.213+0000] {ingest_data.py:52} INFO - Ingested chunk of 1000 rows into raw_flight_data.
[2025-05-19T08:47:32.534+0000] {ingest_data.py:52} INFO - Ingested chunk of 1000 rows into raw_flight_data.
[2025-05-19T08:47:32.747+0000] {ingest_data.py:52} INFO - Ingested chunk of 1000 rows into raw_flight_data.
[2025-05-19T08:47:32.974+0000] {ingest_data.py:52} INFO - Ingested chunk of 1000 rows into raw_flight_data.
[2025-05-19T08:47:33.185+0000] {ingest_data.py:52} INFO - Ingested chunk of 1000 rows into raw_flight_data.
[2025-05-19T08:47:33.368+0000] {ingest_data.py:52} INFO - Ingested chunk of 1000 rows into raw_flight_data.
[2025-05-19T08:47:33.568+0000] {ingest_data.py:52} INFO - Ingested chunk of 1000 rows into raw_flight_data.
[2025-05-19T08:47:33.815+0000] {ingest_data.py:52} INFO - Ingested chunk of 1000 rows into raw_flight_data.
[2025-05-19T08:47:34.110+0000] {ingest_data.py:52} INFO - Ingested chunk of 1000 rows into raw_flight_data.
[2025-05-19T08:47:34.268+0000] {ingest_data.py:52} INFO - Ingested chunk of 1000 rows into raw_flight_data.
[2025-05-19T08:47:34.493+0000] {ingest_data.py:52} INFO - Ingested chunk of 1000 rows into raw_flight_data.
[2025-05-19T08:47:34.735+0000] {ingest_data.py:52} INFO - Ingested chunk of 1000 rows into raw_flight_data.
[2025-05-19T08:47:34.950+0000] {ingest_data.py:52} INFO - Ingested chunk of 1000 rows into raw_flight_data.
[2025-05-19T08:47:35.144+0000] {ingest_data.py:52} INFO - Ingested chunk of 1000 rows into raw_flight_data.
[2025-05-19T08:47:35.370+0000] {ingest_data.py:52} INFO - Ingested chunk of 1000 rows into raw_flight_data.
[2025-05-19T08:47:35.564+0000] {ingest_data.py:52} INFO - Ingested chunk of 1000 rows into raw_flight_data.
[2025-05-19T08:47:35.726+0000] {ingest_data.py:52} INFO - Ingested chunk of 1000 rows into raw_flight_data.
[2025-05-19T08:47:36.031+0000] {ingest_data.py:52} INFO - Ingested chunk of 1000 rows into raw_flight_data.
[2025-05-19T08:47:36.464+0000] {ingest_data.py:52} INFO - Ingested chunk of 1000 rows into raw_flight_data.
[2025-05-19T08:47:36.785+0000] {ingest_data.py:52} INFO - Ingested chunk of 1000 rows into raw_flight_data.
[2025-05-19T08:47:37.080+0000] {ingest_data.py:52} INFO - Ingested chunk of 1000 rows into raw_flight_data.
[2025-05-19T08:47:37.350+0000] {ingest_data.py:52} INFO - Ingested chunk of 1000 rows into raw_flight_data.
[2025-05-19T08:47:37.481+0000] {ingest_data.py:52} INFO - Ingested chunk of 1000 rows into raw_flight_data.
[2025-05-19T08:47:37.636+0000] {ingest_data.py:52} INFO - Ingested chunk of 1000 rows into raw_flight_data.
[2025-05-19T08:47:37.837+0000] {ingest_data.py:52} INFO - Ingested chunk of 1000 rows into raw_flight_data.
[2025-05-19T08:47:38.194+0000] {ingest_data.py:52} INFO - Ingested chunk of 1000 rows into raw_flight_data.
[2025-05-19T08:47:38.731+0000] {ingest_data.py:52} INFO - Ingested chunk of 1000 rows into raw_flight_data.
[2025-05-19T08:47:39.207+0000] {ingest_data.py:52} INFO - Ingested chunk of 1000 rows into raw_flight_data.
[2025-05-19T08:47:39.849+0000] {ingest_data.py:52} INFO - Ingested chunk of 1000 rows into raw_flight_data.
[2025-05-19T08:47:40.195+0000] {ingest_data.py:52} INFO - Ingested chunk of 1000 rows into raw_flight_data.
[2025-05-19T08:47:40.544+0000] {ingest_data.py:52} INFO - Ingested chunk of 1000 rows into raw_flight_data.
[2025-05-19T08:47:40.708+0000] {ingest_data.py:52} INFO - Ingested chunk of 1000 rows into raw_flight_data.
[2025-05-19T08:47:40.896+0000] {ingest_data.py:52} INFO - Ingested chunk of 1000 rows into raw_flight_data.
[2025-05-19T08:47:41.186+0000] {ingest_data.py:52} INFO - Ingested chunk of 1000 rows into raw_flight_data.
[2025-05-19T08:47:41.485+0000] {ingest_data.py:52} INFO - Ingested chunk of 1000 rows into raw_flight_data.
[2025-05-19T08:47:41.963+0000] {ingest_data.py:52} INFO - Ingested chunk of 1000 rows into raw_flight_data.
[2025-05-19T08:47:42.289+0000] {ingest_data.py:52} INFO - Ingested chunk of 1000 rows into raw_flight_data.
[2025-05-19T08:47:42.617+0000] {ingest_data.py:52} INFO - Ingested chunk of 1000 rows into raw_flight_data.
[2025-05-19T08:47:42.780+0000] {ingest_data.py:52} INFO - Ingested chunk of 1000 rows into raw_flight_data.
[2025-05-19T08:47:43.246+0000] {ingest_data.py:52} INFO - Ingested chunk of 1000 rows into raw_flight_data.
[2025-05-19T08:47:43.539+0000] {ingest_data.py:52} INFO - Ingested chunk of 1000 rows into raw_flight_data.
[2025-05-19T08:47:43.733+0000] {ingest_data.py:52} INFO - Ingested chunk of 1000 rows into raw_flight_data.
[2025-05-19T08:47:44.107+0000] {ingest_data.py:52} INFO - Ingested chunk of 1000 rows into raw_flight_data.
[2025-05-19T08:47:44.414+0000] {ingest_data.py:52} INFO - Ingested chunk of 1000 rows into raw_flight_data.
[2025-05-19T08:47:44.594+0000] {ingest_data.py:52} INFO - Ingested chunk of 1000 rows into raw_flight_data.
[2025-05-19T08:47:44.869+0000] {ingest_data.py:52} INFO - Ingested chunk of 1000 rows into raw_flight_data.
[2025-05-19T08:47:45.190+0000] {ingest_data.py:52} INFO - Ingested chunk of 1000 rows into raw_flight_data.
[2025-05-19T08:47:45.461+0000] {ingest_data.py:52} INFO - Ingested chunk of 1000 rows into raw_flight_data.
[2025-05-19T08:47:45.733+0000] {ingest_data.py:52} INFO - Ingested chunk of 1000 rows into raw_flight_data.
[2025-05-19T08:47:46.266+0000] {ingest_data.py:52} INFO - Ingested chunk of 1000 rows into raw_flight_data.
[2025-05-19T08:47:46.617+0000] {ingest_data.py:52} INFO - Ingested chunk of 1000 rows into raw_flight_data.
[2025-05-19T08:47:46.797+0000] {ingest_data.py:52} INFO - Ingested chunk of 1000 rows into raw_flight_data.
[2025-05-19T08:47:47.263+0000] {ingest_data.py:52} INFO - Ingested chunk of 1000 rows into raw_flight_data.
[2025-05-19T08:47:47.265+0000] {ingest_data.py:54} INFO - Successfully ingested total 57000 rows into MySQL table raw_flight_data.
[2025-05-19T08:47:47.269+0000] {ingest_data.py:75} INFO - Database connection disposed.
[2025-05-19T08:47:47.272+0000] {flight_analysis_dag.py:88} INFO - Ingest task completed successfully.
[2025-05-19T08:47:47.272+0000] {python.py:237} INFO - Done. Returned value was: None
[2025-05-19T08:47:47.274+0000] {taskinstance.py:441} INFO - ::group::Post task execution logs
[2025-05-19T08:47:47.296+0000] {taskinstance.py:1205} INFO - Marking task as SUCCESS. dag_id=flight_analysis_dag_Courage_Sena, task_id=ingest_task, execution_date=20250518T000000, start_date=20250519T084728, end_date=20250519T084747
[2025-05-19T08:47:47.355+0000] {local_task_job_runner.py:240} INFO - Task exited with return code 0
[2025-05-19T08:47:47.389+0000] {taskinstance.py:3482} INFO - 1 downstream tasks scheduled from follow-on schedule check
[2025-05-19T08:47:47.394+0000] {local_task_job_runner.py:222} INFO - ::endgroup::
