[2025-05-19T08:47:27.961+0000] {local_task_job_runner.py:120} INFO - ::group::Pre task execution logs
[2025-05-19T08:47:28.220+0000] {taskinstance.py:2073} INFO - Dependencies all met for dep_context=non-requeueable deps ti=<TaskInstance: flight_analysis_dag_Courage_Sena.ingest_task manual__2025-05-19T08:47:25.603133+00:00 [queued]>
[2025-05-19T08:47:28.241+0000] {taskinstance.py:2073} INFO - Dependencies all met for dep_context=requeueable deps ti=<TaskInstance: flight_analysis_dag_Courage_Sena.ingest_task manual__2025-05-19T08:47:25.603133+00:00 [queued]>
[2025-05-19T08:47:28.242+0000] {taskinstance.py:2303} INFO - Starting attempt 1 of 2
[2025-05-19T08:47:28.265+0000] {taskinstance.py:2327} INFO - Executing <Task(PythonOperator): ingest_task> on 2025-05-19 08:47:25.603133+00:00
[2025-05-19T08:47:28.288+0000] {standard_task_runner.py:90} INFO - Running: ['***', 'tasks', 'run', 'flight_analysis_dag_Courage_Sena', 'ingest_task', 'manual__2025-05-19T08:47:25.603133+00:00', '--job-id', '2', '--raw', '--subdir', 'DAGS_FOLDER/flight_analysis_dag.py', '--cfg-path', '/tmp/tmpl74n97d_']
[2025-05-19T08:47:28.292+0000] {standard_task_runner.py:91} INFO - Job 2: Subtask ingest_task
[2025-05-19T08:47:28.296+0000] {logging_mixin.py:188} WARNING - /home/***/.local/lib/python3.12/site-packages/***/task/task_runner/standard_task_runner.py:61 DeprecationWarning: This process (pid=278) is multi-threaded, use of fork() may lead to deadlocks in the child.
[2025-05-19T08:47:28.297+0000] {standard_task_runner.py:63} INFO - Started process 283 to run task
[2025-05-19T08:47:28.403+0000] {task_command.py:426} INFO - Running <TaskInstance: flight_analysis_dag_Courage_Sena.ingest_task manual__2025-05-19T08:47:25.603133+00:00 [running]> on host 21c1d2d801ec
[2025-05-19T08:47:28.524+0000] {taskinstance.py:2644} INFO - Exporting env vars: AIRFLOW_CTX_DAG_EMAIL='cl.kofisena@gmail.com' AIRFLOW_CTX_DAG_OWNER='***_admin' AIRFLOW_CTX_DAG_ID='flight_analysis_dag_Courage_Sena' AIRFLOW_CTX_TASK_ID='ingest_task' AIRFLOW_CTX_EXECUTION_DATE='2025-05-19T08:47:25.603133+00:00' AIRFLOW_CTX_TRY_NUMBER='1' AIRFLOW_CTX_DAG_RUN_ID='manual__2025-05-19T08:47:25.603133+00:00'
[2025-05-19T08:47:28.526+0000] {taskinstance.py:430} INFO - ::endgroup::
[2025-05-19T08:47:28.590+0000] {base.py:84} INFO - Using connection ID 'mysql_staging_conn' for task execution.
[2025-05-19T08:47:28.591+0000] {ingest_data.py:27} INFO - Starting ingestion of /opt/***/data/Flight_Price_Dataset_of_Bangladesh.csv into MySQL table staging_db.raw_flight_data.
[2025-05-19T08:47:30.631+0000] {ingest_data.py:52} INFO - Ingested chunk of 1000 rows into raw_flight_data.
[2025-05-19T08:47:31.391+0000] {ingest_data.py:52} INFO - Ingested chunk of 1000 rows into raw_flight_data.
[2025-05-19T08:47:31.749+0000] {ingest_data.py:52} INFO - Ingested chunk of 1000 rows into raw_flight_data.
[2025-05-19T08:47:32.016+0000] {ingest_data.py:52} INFO - Ingested chunk of 1000 rows into raw_flight_data.
[2025-05-19T08:47:32.333+0000] {ingest_data.py:52} INFO - Ingested chunk of 1000 rows into raw_flight_data.
[2025-05-19T08:47:32.718+0000] {ingest_data.py:52} INFO - Ingested chunk of 1000 rows into raw_flight_data.
[2025-05-19T08:47:32.933+0000] {ingest_data.py:52} INFO - Ingested chunk of 1000 rows into raw_flight_data.
[2025-05-19T08:47:33.148+0000] {ingest_data.py:52} INFO - Ingested chunk of 1000 rows into raw_flight_data.
[2025-05-19T08:47:33.357+0000] {ingest_data.py:52} INFO - Ingested chunk of 1000 rows into raw_flight_data.
[2025-05-19T08:47:33.560+0000] {ingest_data.py:52} INFO - Ingested chunk of 1000 rows into raw_flight_data.
[2025-05-19T08:47:33.806+0000] {ingest_data.py:52} INFO - Ingested chunk of 1000 rows into raw_flight_data.
[2025-05-19T08:47:34.103+0000] {ingest_data.py:52} INFO - Ingested chunk of 1000 rows into raw_flight_data.
[2025-05-19T08:47:34.313+0000] {ingest_data.py:52} INFO - Ingested chunk of 1000 rows into raw_flight_data.
[2025-05-19T08:47:34.510+0000] {ingest_data.py:52} INFO - Ingested chunk of 1000 rows into raw_flight_data.
[2025-05-19T08:47:34.755+0000] {ingest_data.py:52} INFO - Ingested chunk of 1000 rows into raw_flight_data.
[2025-05-19T08:47:34.918+0000] {ingest_data.py:52} INFO - Ingested chunk of 1000 rows into raw_flight_data.
[2025-05-19T08:47:35.121+0000] {ingest_data.py:52} INFO - Ingested chunk of 1000 rows into raw_flight_data.
[2025-05-19T08:47:35.363+0000] {ingest_data.py:52} INFO - Ingested chunk of 1000 rows into raw_flight_data.
[2025-05-19T08:47:35.637+0000] {ingest_data.py:52} INFO - Ingested chunk of 1000 rows into raw_flight_data.
[2025-05-19T08:47:35.840+0000] {ingest_data.py:52} INFO - Ingested chunk of 1000 rows into raw_flight_data.
[2025-05-19T08:47:36.055+0000] {ingest_data.py:52} INFO - Ingested chunk of 1000 rows into raw_flight_data.
[2025-05-19T08:47:36.474+0000] {ingest_data.py:52} INFO - Ingested chunk of 1000 rows into raw_flight_data.
[2025-05-19T08:47:36.806+0000] {ingest_data.py:52} INFO - Ingested chunk of 1000 rows into raw_flight_data.
[2025-05-19T08:47:37.112+0000] {ingest_data.py:52} INFO - Ingested chunk of 1000 rows into raw_flight_data.
[2025-05-19T08:47:37.379+0000] {ingest_data.py:52} INFO - Ingested chunk of 1000 rows into raw_flight_data.
[2025-05-19T08:47:37.544+0000] {ingest_data.py:52} INFO - Ingested chunk of 1000 rows into raw_flight_data.
[2025-05-19T08:47:37.730+0000] {ingest_data.py:52} INFO - Ingested chunk of 1000 rows into raw_flight_data.
[2025-05-19T08:47:37.914+0000] {ingest_data.py:52} INFO - Ingested chunk of 1000 rows into raw_flight_data.
[2025-05-19T08:47:38.217+0000] {ingest_data.py:52} INFO - Ingested chunk of 1000 rows into raw_flight_data.
[2025-05-19T08:47:38.711+0000] {ingest_data.py:52} INFO - Ingested chunk of 1000 rows into raw_flight_data.
[2025-05-19T08:47:39.092+0000] {ingest_data.py:52} INFO - Ingested chunk of 1000 rows into raw_flight_data.
[2025-05-19T08:47:39.703+0000] {ingest_data.py:52} INFO - Ingested chunk of 1000 rows into raw_flight_data.
[2025-05-19T08:47:40.259+0000] {ingest_data.py:52} INFO - Ingested chunk of 1000 rows into raw_flight_data.
[2025-05-19T08:47:40.589+0000] {ingest_data.py:52} INFO - Ingested chunk of 1000 rows into raw_flight_data.
[2025-05-19T08:47:40.739+0000] {ingest_data.py:52} INFO - Ingested chunk of 1000 rows into raw_flight_data.
[2025-05-19T08:47:40.926+0000] {ingest_data.py:52} INFO - Ingested chunk of 1000 rows into raw_flight_data.
[2025-05-19T08:47:41.235+0000] {ingest_data.py:52} INFO - Ingested chunk of 1000 rows into raw_flight_data.
[2025-05-19T08:47:41.475+0000] {ingest_data.py:52} INFO - Ingested chunk of 1000 rows into raw_flight_data.
[2025-05-19T08:47:41.931+0000] {ingest_data.py:52} INFO - Ingested chunk of 1000 rows into raw_flight_data.
[2025-05-19T08:47:42.279+0000] {ingest_data.py:52} INFO - Ingested chunk of 1000 rows into raw_flight_data.
[2025-05-19T08:47:42.587+0000] {ingest_data.py:52} INFO - Ingested chunk of 1000 rows into raw_flight_data.
[2025-05-19T08:47:42.772+0000] {ingest_data.py:52} INFO - Ingested chunk of 1000 rows into raw_flight_data.
[2025-05-19T08:47:43.218+0000] {ingest_data.py:52} INFO - Ingested chunk of 1000 rows into raw_flight_data.
[2025-05-19T08:47:43.521+0000] {ingest_data.py:52} INFO - Ingested chunk of 1000 rows into raw_flight_data.
[2025-05-19T08:47:43.719+0000] {ingest_data.py:52} INFO - Ingested chunk of 1000 rows into raw_flight_data.
[2025-05-19T08:47:44.117+0000] {ingest_data.py:52} INFO - Ingested chunk of 1000 rows into raw_flight_data.
[2025-05-19T08:47:44.443+0000] {ingest_data.py:52} INFO - Ingested chunk of 1000 rows into raw_flight_data.
[2025-05-19T08:47:44.619+0000] {ingest_data.py:52} INFO - Ingested chunk of 1000 rows into raw_flight_data.
[2025-05-19T08:47:44.939+0000] {ingest_data.py:52} INFO - Ingested chunk of 1000 rows into raw_flight_data.
[2025-05-19T08:47:45.293+0000] {ingest_data.py:52} INFO - Ingested chunk of 1000 rows into raw_flight_data.
[2025-05-19T08:47:45.480+0000] {ingest_data.py:52} INFO - Ingested chunk of 1000 rows into raw_flight_data.
[2025-05-19T08:47:45.758+0000] {ingest_data.py:52} INFO - Ingested chunk of 1000 rows into raw_flight_data.
[2025-05-19T08:47:46.277+0000] {ingest_data.py:52} INFO - Ingested chunk of 1000 rows into raw_flight_data.
[2025-05-19T08:47:46.627+0000] {ingest_data.py:52} INFO - Ingested chunk of 1000 rows into raw_flight_data.
[2025-05-19T08:47:46.825+0000] {ingest_data.py:52} INFO - Ingested chunk of 1000 rows into raw_flight_data.
[2025-05-19T08:47:47.108+0000] {ingest_data.py:52} INFO - Ingested chunk of 1000 rows into raw_flight_data.
[2025-05-19T08:47:47.452+0000] {ingest_data.py:52} INFO - Ingested chunk of 1000 rows into raw_flight_data.
[2025-05-19T08:47:47.453+0000] {ingest_data.py:54} INFO - Successfully ingested total 57000 rows into MySQL table raw_flight_data.
[2025-05-19T08:47:47.455+0000] {ingest_data.py:75} INFO - Database connection disposed.
[2025-05-19T08:47:47.456+0000] {flight_analysis_dag.py:88} INFO - Ingest task completed successfully.
[2025-05-19T08:47:47.456+0000] {python.py:237} INFO - Done. Returned value was: None
[2025-05-19T08:47:47.457+0000] {taskinstance.py:441} INFO - ::group::Post task execution logs
[2025-05-19T08:47:47.468+0000] {taskinstance.py:1205} INFO - Marking task as SUCCESS. dag_id=flight_analysis_dag_Courage_Sena, task_id=ingest_task, execution_date=20250519T084725, start_date=20250519T084728, end_date=20250519T084747
[2025-05-19T08:47:47.506+0000] {local_task_job_runner.py:240} INFO - Task exited with return code 0
[2025-05-19T08:47:47.540+0000] {taskinstance.py:3482} INFO - 1 downstream tasks scheduled from follow-on schedule check
[2025-05-19T08:47:47.543+0000] {local_task_job_runner.py:222} INFO - ::endgroup::
